<?xml version="1.0" encoding="utf-8"?><testsuites name="pytest tests"><testsuite name="pytest" errors="0" failures="0" skipped="0" tests="38" time="22.684" timestamp="2026-04-11T04:08:06.631111+00:00" hostname="agent-env-0286c411-d815-42a8-99a9-e045a9c9c153"><testcase classname="tests.test_auth.TestAuth" name="test_register_new_user" time="0.480" /><testcase classname="tests.test_auth.TestAuth" name="test_register_duplicate_email" time="0.118" /><testcase classname="tests.test_auth.TestAuth" name="test_login_admin_success" time="0.343" /><testcase classname="tests.test_auth.TestAuth" name="test_login_wrong_password" time="0.350" /><testcase classname="tests.test_auth.TestAuth" name="test_login_nonexistent_user" time="0.128" /><testcase classname="tests.test_auth.TestAuth" name="test_get_me_authenticated" time="0.391" /><testcase classname="tests.test_auth.TestAuth" name="test_get_me_unauthenticated" time="0.115" /><testcase classname="tests.test_auth.TestAuth" name="test_logout" time="0.396" /><testcase classname="tests.test_geocode_plans_chat.TestGeocode" name="test_geocode_times_square" time="0.213" /><testcase classname="tests.test_geocode_plans_chat.TestGeocode" name="test_geocode_invalid_location" time="0.179" /><testcase classname="tests.test_geocode_plans_chat.TestPlans" name="test_create_plan_with_auto_analysis" time="2.541" /><testcase classname="tests.test_geocode_plans_chat.TestPlans" name="test_get_plans" time="0.392" /><testcase classname="tests.test_geocode_plans_chat.TestPlans" name="test_delete_plan" time="2.425" /><testcase classname="tests.test_geocode_plans_chat.TestChat" name="test_send_chat_message" time="3.384" /><testcase classname="tests.test_geocode_plans_chat.TestChat" name="test_get_chat_history" time="0.403" /><testcase classname="tests.test_geocode_plans_chat.TestChat" name="test_clear_chat_history" time="3.175" /><testcase classname="tests.test_new_features.TestCommunityReports" name="test_create_report_success" time="0.371" /><testcase classname="tests.test_new_features.TestCommunityReports" name="test_get_reports_list" time="0.379" /><testcase classname="tests.test_new_features.TestCommunityReports" name="test_get_reports_filtered_by_category" time="0.381" /><testcase classname="tests.test_new_features.TestCommunityReports" name="test_vote_on_report_upvote" time="0.425" /><testcase classname="tests.test_new_features.TestCommunityReports" name="test_vote_on_report_downvote" time="0.441" /><testcase classname="tests.test_new_features.TestCommunityReports" name="test_vote_invalid_value" time="0.446" /><testcase classname="tests.test_new_features.TestCommunityReports" name="test_create_report_invalid_category" time="0.449" /><testcase classname="tests.test_new_features.TestAnalysisLimits" name="test_get_analysis_limit_premium_user" time="0.378" /><testcase classname="tests.test_new_features.TestAnalysisLimits" name="test_get_analysis_limit_free_user" time="0.430" /><testcase classname="tests.test_new_features.TestNotifications" name="test_get_notifications_empty" time="0.379" /><testcase classname="tests.test_new_features.TestNotifications" name="test_mark_notifications_read" time="0.383" /><testcase classname="tests.test_new_features.TestNotifications" name="test_register_push_token" time="0.400" /><testcase classname="tests.test_new_features.TestGoogleCalendar" name="test_calendar_status_not_configured" time="0.401" /><testcase classname="tests.test_new_features.TestGoogleCalendar" name="test_calendar_auth_url_not_configured" time="0.410" /><testcase classname="tests.test_new_features.TestStripeSubscription" name="test_create_checkout_session" time="0.778" /><testcase classname="tests.test_new_features.TestStripeSubscription" name="test_checkout_already_premium" time="0.387" /><testcase classname="tests.test_shootings.TestShootingData" name="test_get_shootings_returns_data" time="0.147" /><testcase classname="tests.test_shootings.TestShootingData" name="test_get_shootings_filter_by_boro" time="0.108" /><testcase classname="tests.test_shootings.TestShootingData" name="test_get_heatmap_data" time="0.131" /><testcase classname="tests.test_stats.TestStats" name="test_get_borough_stats" time="0.123" /><testcase classname="tests.test_stats.TestStats" name="test_get_time_distribution" time="0.107" /><testcase classname="tests.test_stats.TestStats" name="test_get_yearly_stats" time="0.134" /></testsuite></testsuites>