<?xml version="1.0" encoding="utf-8"?><testsuites name="pytest tests"><testsuite name="pytest" errors="0" failures="0" skipped="0" tests="16" time="7.003" timestamp="2026-04-11T04:07:52.987814+00:00" hostname="agent-env-0286c411-d815-42a8-99a9-e045a9c9c153"><testcase classname="tests.test_new_features.TestCommunityReports" name="test_create_report_success" time="0.466" /><testcase classname="tests.test_new_features.TestCommunityReports" name="test_get_reports_list" time="0.390" /><testcase classname="tests.test_new_features.TestCommunityReports" name="test_get_reports_filtered_by_category" time="0.408" /><testcase classname="tests.test_new_features.TestCommunityReports" name="test_vote_on_report_upvote" time="0.462" /><testcase classname="tests.test_new_features.TestCommunityReports" name="test_vote_on_report_downvote" time="0.473" /><testcase classname="tests.test_new_features.TestCommunityReports" name="test_vote_invalid_value" time="0.454" /><testcase classname="tests.test_new_features.TestCommunityReports" name="test_create_report_invalid_category" time="0.376" /><testcase classname="tests.test_new_features.TestAnalysisLimits" name="test_get_analysis_limit_premium_user" time="0.379" /><testcase classname="tests.test_new_features.TestAnalysisLimits" name="test_get_analysis_limit_free_user" time="0.368" /><testcase classname="tests.test_new_features.TestNotifications" name="test_get_notifications_empty" time="0.375" /><testcase classname="tests.test_new_features.TestNotifications" name="test_mark_notifications_read" time="0.378" /><testcase classname="tests.test_new_features.TestNotifications" name="test_register_push_token" time="0.368" /><testcase classname="tests.test_new_features.TestGoogleCalendar" name="test_calendar_status_not_configured" time="0.374" /><testcase classname="tests.test_new_features.TestGoogleCalendar" name="test_calendar_auth_url_not_configured" time="0.390" /><testcase classname="tests.test_new_features.TestStripeSubscription" name="test_create_checkout_session" time="0.904" /><testcase classname="tests.test_new_features.TestStripeSubscription" name="test_checkout_already_premium" time="0.380" /></testsuite></testsuites>