<?xml version="1.0" encoding="utf-8"?><testsuites name="pytest tests"><testsuite name="pytest" errors="0" failures="0" skipped="0" tests="22" time="18.010" timestamp="2026-04-11T03:45:33.116193+00:00" hostname="agent-env-0286c411-d815-42a8-99a9-e045a9c9c153"><testcase classname="tests.test_auth.TestAuth" name="test_register_new_user" time="0.510" /><testcase classname="tests.test_auth.TestAuth" name="test_register_duplicate_email" time="0.129" /><testcase classname="tests.test_auth.TestAuth" name="test_login_admin_success" time="0.361" /><testcase classname="tests.test_auth.TestAuth" name="test_login_wrong_password" time="0.366" /><testcase classname="tests.test_auth.TestAuth" name="test_login_nonexistent_user" time="0.107" /><testcase classname="tests.test_auth.TestAuth" name="test_get_me_authenticated" time="0.411" /><testcase classname="tests.test_auth.TestAuth" name="test_get_me_unauthenticated" time="0.101" /><testcase classname="tests.test_auth.TestAuth" name="test_logout" time="0.404" /><testcase classname="tests.test_geocode_plans_chat.TestGeocode" name="test_geocode_times_square" time="0.646" /><testcase classname="tests.test_geocode_plans_chat.TestGeocode" name="test_geocode_invalid_location" time="0.498" /><testcase classname="tests.test_geocode_plans_chat.TestPlans" name="test_create_plan_with_auto_analysis" time="2.585" /><testcase classname="tests.test_geocode_plans_chat.TestPlans" name="test_get_plans" time="0.396" /><testcase classname="tests.test_geocode_plans_chat.TestPlans" name="test_delete_plan" time="3.122" /><testcase classname="tests.test_geocode_plans_chat.TestChat" name="test_send_chat_message" time="3.419" /><testcase classname="tests.test_geocode_plans_chat.TestChat" name="test_get_chat_history" time="0.473" /><testcase classname="tests.test_geocode_plans_chat.TestChat" name="test_clear_chat_history" time="3.733" /><testcase classname="tests.test_shootings.TestShootingData" name="test_get_shootings_returns_data" time="0.125" /><testcase classname="tests.test_shootings.TestShootingData" name="test_get_shootings_filter_by_boro" time="0.125" /><testcase classname="tests.test_shootings.TestShootingData" name="test_get_heatmap_data" time="0.128" /><testcase classname="tests.test_stats.TestStats" name="test_get_borough_stats" time="0.116" /><testcase classname="tests.test_stats.TestStats" name="test_get_time_distribution" time="0.103" /><testcase classname="tests.test_stats.TestStats" name="test_get_yearly_stats" time="0.104" /></testsuite></testsuites>